[06:33:38] [main/INFO]: Environment: authHost='https://authserver.mojang.com', accountsHost='https://api.mojang.com', sessionHost='https://sessionserver.mojang.com', servicesHost='https://api.minecraftservices.com', name='PROD'
[06:33:39] [main/WARN]: Ambiguity between arguments [teleport, destination] and [teleport, targets] with inputs: [Player, 0123, @e, dd12be42-52a9-4a91-a8a1-11c01849e498]
[06:33:39] [main/WARN]: Ambiguity between arguments [teleport, location] and [teleport, destination] with inputs: [0.1 -0.5 .9, 0 0 0]
[06:33:39] [main/WARN]: Ambiguity between arguments [teleport, location] and [teleport, targets] with inputs: [0.1 -0.5 .9, 0 0 0]
[06:33:39] [main/WARN]: Ambiguity between arguments [teleport, targets] and [teleport, destination] with inputs: [Player, 0123, dd12be42-52a9-4a91-a8a1-11c01849e498]
[06:33:39] [main/WARN]: Ambiguity between arguments [teleport, targets, location] and [teleport, targets, destination] with inputs: [0.1 -0.5 .9, 0 0 0]
[06:33:39] [main/INFO]: Reloading ResourceManager: Default
[06:33:40] [Worker-Main-2/INFO]: Loaded 7 recipes
[06:33:40] [Worker-Main-2/INFO]: Loaded 927 advancements
[06:33:43] [Server thread/INFO]: Starting minecraft server version 1.16.4
[06:33:43] [Server thread/INFO]: Loading properties
[06:33:43] [Server thread/INFO]: Default game type: SURVIVAL
[06:33:43] [Server thread/INFO]: Generating keypair
[06:33:43] [Server thread/INFO]: Starting Minecraft server on *:25565
[06:33:43] [Server thread/INFO]: Using epoll channel type
[06:33:44] [Server thread/INFO]: Preparing level "world"
[06:33:44] [Server thread/INFO]: Preparing start region for dimension minecraft:overworld
[06:33:46] [Server thread/INFO]: Preparing spawn area: 0%
[06:33:46] [Server thread/INFO]: Preparing spawn area: 0%
[06:33:46] [Server thread/INFO]: Preparing spawn area: 0%
[06:33:46] [Server thread/INFO]: Preparing spawn area: 0%
[06:33:46] [Server thread/INFO]: Preparing spawn area: 6%
[06:33:47] [Server thread/INFO]: Time elapsed: 3006 ms
[06:33:47] [Server thread/INFO]: Done (3.179s)! For help, type "help"
[06:33:47] [Server thread/INFO]: Starting remote control listener
[06:33:47] [Server thread/INFO]: Thread RCON Listener started
[06:33:47] [Server thread/INFO]: RCON running on 0.0.0.0:25575
[06:34:12] [User Authenticator #1/INFO]: UUID of player sithseth is e7961379-862e-49d7-8bcd-ec6640414873
[06:34:12] [Server thread/INFO]: sithseth[/67.185.249.155:52086] logged in with entity id 295 at (56.214738890293745, 5.0, 202.55797066227547)
[06:34:12] [Server thread/INFO]: sithseth joined the game
[06:35:29] [User Authenticator #2/INFO]: UUID of player Atrus654 is 836c0666-8f6e-4d09-97fd-750ec3756171
[06:35:29] [Server thread/INFO]: Atrus654[/73.239.124.116:61026] logged in with entity id 427 at (-16.64700373139423, 46.0, 241.47396492777216)
[06:35:29] [Server thread/INFO]: Atrus654 joined the game
[06:36:02] [User Authenticator #3/INFO]: UUID of player Mastahtao is 06ae06ab-ea4e-4778-be28-ee073665f353
[06:36:02] [Server thread/INFO]: Mastahtao[/98.225.40.37:61852] logged in with entity id 578 at (597.1837627896155, 62.073264027156206, 5815.575125168914)
[06:36:02] [Server thread/INFO]: Mastahtao joined the game
[06:36:12] [Server thread/INFO]: <Mastahtao> still in mah boat
[06:36:26] [Server thread/INFO]: <Mastahtao> damn it ate all my doritos too fast
[06:36:26] [Server thread/INFO]: <Atrus654> yah i popped back in the storage room
[06:36:45] [Server thread/INFO]: <Atrus654> to which, there is a storage room
[06:38:08] [Server thread/INFO]: <sithseth> weird, yeah, part of my tunnel filled itself in. Had to dig far in 3 directions to find where I "left off"
[06:38:49] [Server thread/WARN]: Boat (vehicle of Mastahtao) moved too quickly! 6.793117733903159,0.0,7.874849520148018
[06:38:49] [Server thread/WARN]: Boat (vehicle of Mastahtao) moved too quickly! 7.054410908634736,0.0,8.177712084755512
[06:38:49] [Server thread/WARN]: Boat (vehicle of Mastahtao) moved too quickly! 7.315704577253655,0.0,8.480574233985863
[06:38:49] [Server thread/WARN]: Boat (vehicle of Mastahtao) moved too quickly! 7.576998690371056,0.0,8.7834360093766
[06:38:49] [Server thread/WARN]: Boat (vehicle of Mastahtao) moved too quickly! 7.838293203537091,0.0,9.086297448312507
[06:38:49] [Server thread/WARN]: Boat (vehicle of Mastahtao) moved too quickly! 8.09958807674684,0.0,9.389158584438519
[06:38:49] [Server thread/WARN]: Boat (vehicle of Mastahtao) moved too quickly! 8.360883273996023,0.0,9.692019448035353
[06:38:49] [Server thread/WARN]: Boat (vehicle of Mastahtao) moved too quickly! 8.622178762880594,0.0,9.994880066356927
[06:38:49] [Server thread/WARN]: Boat (vehicle of Mastahtao) moved too quickly! 8.883474514237037,0.0,10.297740463930495
[06:38:49] [Server thread/WARN]: Boat (vehicle of Mastahtao) moved too quickly! 9.144770501818243,0.0,10.600600662830402
[06:38:49] [Server thread/WARN]: Boat (vehicle of Mastahtao) moved too quickly! 9.40606670200168,0.0,10.903460682923651
[06:38:49] [Server thread/WARN]: Boat (vehicle of Mastahtao) moved too quickly! 9.667363093527115,0.0,11.206320542091817
[06:38:49] [Server thread/WARN]: Boat (vehicle of Mastahtao) moved too quickly! 9.928659657260255,0.0,11.509180256426589
[06:38:49] [Server thread/WARN]: Boat (vehicle of Mastahtao) moved too quickly! 10.189956375980387,0.0,11.81203984041258
[06:38:49] [Server thread/WARN]: Boat (vehicle of Mastahtao) moved too quickly! 10.451253234188925,0.0,12.11489930708376
[06:38:49] [Server thread/WARN]: Boat (vehicle of Mastahtao) moved too quickly! 10.712550217936837,0.0,12.4177586681717
[06:38:49] [Server thread/WARN]: Boat (vehicle of Mastahtao) moved too quickly! 6.793122204668521,0.0,7.874845760074095
[06:38:49] [Server thread/WARN]: Can't keep up! Is the server overloaded? Running 2005ms or 40 ticks behind
[06:38:55] [Server thread/WARN]: Fetching packet for removed entity bcv['Air'/3696, l='ServerLevel[world]', x=872.91, y=62.12, z=5374.52]
[06:40:10] [Server thread/INFO]: <sithseth> may switch to digital ocean tomorrow, see if they're a better host.
[06:42:24] [Server thread/INFO]: Atrus654 lost connection: Disconnected
[06:42:24] [Server thread/INFO]: Atrus654 left the game
[06:42:51] [Server thread/INFO]: <Mastahtao> found a partially made nether portal
[06:42:58] [User Authenticator #4/INFO]: UUID of player Atrus654 is 836c0666-8f6e-4d09-97fd-750ec3756171
[06:42:59] [Server thread/INFO]: Atrus654[/73.239.124.116:61163] logged in with entity id 7834 at (-25.011671809326042, 46.0, 245.42619830733892)
[06:42:59] [Server thread/INFO]: Atrus654 joined the game
[06:43:19] [Server thread/INFO]: <sithseth> you going to fix it?
[06:43:29] [Server thread/WARN]: Fetching packet for removed entity bcv['Cobblestone'/8389, l='ServerLevel[world]', x=55.51, y=5.45, z=152.57]
[06:43:41] [Server thread/INFO]: <Mastahtao> village found and no
[06:43:45] [Server thread/INFO]: Mastahtao fell from a high place
[06:43:50] [Server thread/INFO]: <Atrus654> kek
[06:44:01] [Server thread/INFO]: <sithseth> yikes
[06:44:02] [Server thread/INFO]: <Mastahtao> fucking really
[06:44:12] [Server thread/INFO]: <Mastahtao> cause I was typing a creeper came at me blew up and sent me into the sky
[06:44:16] [Server thread/INFO]: <Mastahtao> bullshit
[06:44:24] [Server thread/INFO]: <Atrus654> quote, YEET
[06:45:03] [Server thread/INFO]: <Mastahtao> I HAD SO MUCH STUFF
[06:45:14] [Server thread/INFO]: <Mastahtao> All I needed was like 5 minutes
[06:45:18] [Server thread/INFO]: <Mastahtao> and I would have a bed down
[06:45:39] [Server thread/INFO]: <sithseth> if I had cheats, I supposed I could teleport you there
[06:45:44] [Server thread/INFO]: <Mastahtao> nah
[06:45:48] [Server thread/INFO]: <Mastahtao> we doing this the right way
[06:45:55] [Server thread/INFO]: <Mastahtao> just bullshit that a creeper would do that much damage
[06:46:04] [Server thread/INFO]: <Mastahtao> I had armor and he didn't launch me off a cliff
[06:46:14] [Server thread/INFO]: <Mastahtao> he just sent me up enough to take a tiny bit of fall damage
[06:47:06] [Server thread/INFO]: Mastahtao has made the advancement [Sweet Dreams]
[07:05:00] [Server thread/INFO]: <Mastahtao> Going to attempt to find the place again, now that I know roughly where it is
[07:05:14] [Server thread/INFO]: <Mastahtao> If I fail again then will go in other directions
[07:05:21] [Server thread/INFO]: <sithseth> lol
[07:14:40] [Server thread/INFO]: <Mastahtao> dafuq horseback glow skeletons
[07:21:44] [Server thread/INFO]: Mastahtao was slain by Enderman
[07:21:55] [Server thread/INFO]: <Atrus654> the trick is to not look at them
[07:21:55] [Server thread/INFO]: <sithseth> :[
[07:21:59] [Server thread/INFO]: <Mastahtao> Just found another village too
[07:22:05] [Server thread/INFO]: <Mastahtao> I just turned and he was there
[07:22:44] [Server thread/INFO]: <sithseth> need anything rob?
[07:23:01] [Server thread/INFO]: <Mastahtao> need to figure out what I'm going to do now
[07:23:02] [Server thread/INFO]: <Mastahtao> lol
[07:23:12] [Server thread/INFO]: <Mastahtao> that village was actually pretty close
[07:23:26] [Server thread/INFO]: <Mastahtao> so if I can gear up and find it again with a map would probably be werf
[07:23:30] [Server thread/INFO]: <Mastahtao> but not sure
[07:23:44] [Server thread/INFO]: <Mastahtao> Actually is a village really even worth finding
[07:23:57] [Server thread/INFO]: <sithseth> idk
[07:24:07] [Server thread/INFO]: <sithseth> maybe to steal shit from them ... lol
[07:24:09] [Server thread/INFO]: <Atrus654> they do have prebuilt things you can steal
[07:24:10] [Server thread/INFO]: <Mastahtao> I know we can trade with them but we should also be able to make everything we need
[07:25:57] [Server thread/INFO]: Atrus654 has made the advancement [Suit Up]
[07:26:14] [Server thread/INFO]: <Mastahtao> What you going off to do nate?
[07:26:29] [Server thread/INFO]: <Atrus654> think i might go back to the nether
[07:26:33] [Server thread/INFO]: <Mastahtao> Noice
[07:26:37] [Server thread/INFO]: <Atrus654> want to get some more bone blocks
[07:26:47] [Server thread/INFO]: <Atrus654> but there are two dickish ghasts
[07:26:51] [Server thread/INFO]: <Mastahtao> lol
[07:26:58] [Server thread/INFO]: <Mastahtao> need to make a thing so we can enchant
[07:27:03] [Server thread/INFO]: <Mastahtao> no idea what we need for that though lol
[07:27:04] [Server thread/INFO]: <Atrus654> yeah
[07:27:19] [Server thread/INFO]: <Atrus654> we do have sugar cane which is good, but we need leather
[07:27:30] [Server thread/INFO]: <Atrus654> so if i fail in the nether i might try to start a farm
[07:28:54] [Server thread/INFO]: <Mastahtao> is leather cows or horses?
[07:29:03] [Server thread/INFO]: <Atrus654> cows
[07:29:05] [Server thread/INFO]: <Mastahtao> kk
[07:30:03] [Server thread/INFO]: Atrus654 has made the advancement [Take Aim]
[07:30:12] [Server thread/INFO]: <Atrus654> yah fuck you ghast
[07:32:16] [Server thread/INFO]: <Atrus654> oh shit
[07:32:19] [Server thread/INFO]: <Mastahtao> ?
[07:32:19] [Server thread/INFO]: <Atrus654> found a fortress
[07:32:24] [Server thread/INFO]: <Mastahtao> noice
[07:32:47] [Server thread/INFO]: <Atrus654> if a blaze spawner is in there i can make a grinder
[07:33:39] [Server thread/INFO]: <Atrus654> oh nvm
[07:33:44] [Server thread/INFO]: <Atrus654> maybe?
[07:33:48] [Server thread/INFO]: <Atrus654> this is new
[07:34:35] [Server thread/INFO]: Atrus654 has made the advancement [Those Were the Days]
[07:37:07] [Server thread/INFO]: <Mastahtao> found an enchanted sword
[07:37:16] [Server thread/INFO]: <Atrus654> nice
[07:37:37] [Server thread/INFO]: <Mastahtao> also magma blocks
[07:39:42] [Server thread/INFO]: <Mastahtao> enchanted sword is gold and has less damage than my iron still
[07:39:49] [Server thread/INFO]: <Mastahtao> no idea what sweeping edge does
[07:40:54] [Server thread/INFO]: <Atrus654> think im going to make a remote nether portal that is higher than the one at the bottom of the mine
[07:44:37] [Server thread/INFO]: <Mastahtao> also found some crying obsidian
[07:44:47] [Server thread/INFO]: <Mastahtao> couldn't farm it though
[07:46:59] [Server thread/INFO]: <Atrus654> never seen a slime above ground
[07:47:27] [Server thread/INFO]: <Mastahtao> fuck you enderman
[07:52:05] [Server thread/INFO]: <Atrus654> big ass mushroom biome
[07:52:44] [Server thread/INFO]: <Atrus654> llamas!
[08:01:19] [Server thread/INFO]: <sithseth> LEGIT SCURED
[08:01:24] [Server thread/INFO]: <Atrus654> lol
[08:01:28] [Server thread/INFO]: <Mastahtao> ?
[08:01:40] [Server thread/INFO]: <Atrus654> snuck up on him and gave him a pumpkin
[08:01:44] [Server thread/INFO]: <sithseth> nate giving me the spooks
[08:11:16] [Server thread/WARN]: Fetching packet for removed entity bcv['Redstone Dust'/36337, l='ServerLevel[world]', x=-44.88, y=13.00, z=316.28]
[08:11:27] [Server thread/INFO]: <Mastahtao> found villagers again
[08:11:34] [Server thread/INFO]: <Atrus654> awesome
[08:14:06] [Server thread/INFO]: <Atrus654> i'm level 28
[08:14:12] [Server thread/INFO]: <Atrus654> also scared lol
[08:14:45] [Server thread/INFO]: sithseth has made the advancement [A Seedy Place]
[08:23:40] [Server thread/INFO]: <Mastahtao> I need to find my way back from the village lol
[08:23:52] [Server thread/INFO]: <Atrus654> f3 will show your coordinates
[08:24:02] [Server thread/INFO]: <Atrus654> spawn is 0 0 0
[08:24:03] [Server thread/INFO]: <Mastahtao> now I feel dumb
[08:24:48] [Server thread/INFO]: <Mastahtao> I'm at 871/69/481
[08:25:03] [Server thread/INFO]: <Atrus654> bit of a trip
[08:25:11] [Server thread/INFO]: <Mastahtao> about a full day cycle
[08:27:50] [Server thread/INFO]: <Atrus654> oh fuck
[08:27:55] [Server thread/INFO]: <Atrus654> i found silverfish'
[08:29:30] [Server thread/INFO]: <Atrus654> so a stronghold is near me
[08:30:01] [Server thread/INFO]: <Atrus654> which means we could have an end portal
[08:35:11] [Server thread/INFO]: <Mastahtao> Nice
[08:35:21] [Server thread/INFO]: <Mastahtao> Also we have 10 leather now if you still need to make stuff
[08:36:02] [Server thread/INFO]: <Atrus654> gonna need a lot more to make a full enchant table
[08:45:56] [Server thread/INFO]: <Atrus654> damn nvm
[08:46:06] [Server thread/INFO]: <Atrus654> i guess they also spawn in mountain biomes
[08:46:16] [Server thread/INFO]: <Mastahtao> what silverfish?
[08:46:18] [Server thread/INFO]: <Atrus654> yeah
[08:46:22] [Server thread/INFO]: <Mastahtao> lame
[08:46:30] [Server thread/INFO]: <Atrus654> would have been cool if it was a stronghold
[08:46:45] [Server thread/INFO]: <Atrus654> never found one legit
[08:48:51] [Server thread/WARN]: Boat (vehicle of Mastahtao) moved too quickly! -1.2343346644364601,0.0,9.9573428676606
[08:48:51] [Server thread/WARN]: Boat (vehicle of Mastahtao) moved too quickly! -1.2906675511176218,0.0,10.343049556266351
[08:48:51] [Server thread/WARN]: Boat (vehicle of Mastahtao) moved too quickly! -1.3382907222668337,0.0,10.73006708678895
[08:48:51] [Server thread/WARN]: Boat (vehicle of Mastahtao) moved too quickly! -1.3772728729890105,0.0,11.11819435444886
[08:48:51] [Server thread/WARN]: Boat (vehicle of Mastahtao) moved too quickly! -1.4077573915467383,0.0,11.5072435737452
[08:48:51] [Server thread/WARN]: Boat (vehicle of Mastahtao) moved too quickly! -1.4299470632080329,0.0,11.897042310464713
[08:48:51] [Server thread/WARN]: Boat (vehicle of Mastahtao) moved too quickly! -1.4440902797277886,0.0,12.287434390342696
[08:50:31] [Server thread/WARN]: Boat (vehicle of Mastahtao) moved too quickly! -4.546090906888594,0.0,-9.34991064721703
[08:50:31] [Server thread/WARN]: Boat (vehicle of Mastahtao) moved too quickly! -4.719616197570531,0.0,-9.710284340958651
[08:50:31] [Server thread/WARN]: Boat (vehicle of Mastahtao) moved too quickly! -4.8931057937734295,0.0,-10.070677931522823
[08:50:31] [Server thread/WARN]: Boat (vehicle of Mastahtao) moved too quickly! -5.066563264946126,0.0,-10.431089429226631
[08:52:46] [Server thread/WARN]: Boat (vehicle of Mastahtao) moved too quickly! 9.33993588573162,0.0,-4.566050780401838
[08:52:46] [Server thread/WARN]: Boat (vehicle of Mastahtao) moved too quickly! 9.700217735286287,0.0,-4.739761652431753
[08:54:19] [Server thread/WARN]: Boat (vehicle of Mastahtao) moved too quickly! 7.053391998289271,0.0,-7.358368565988741
[08:54:19] [Server thread/WARN]: Boat (vehicle of Mastahtao) moved too quickly! 7.363849443032677,0.0,-7.607043793362436
[08:54:19] [Server thread/WARN]: Boat (vehicle of Mastahtao) moved too quickly! 7.67553503938916,0.0,-7.854481880150956
[08:54:19] [Server thread/WARN]: Boat (vehicle of Mastahtao) moved too quickly! 7.98834861075693,0.0,-8.100775585142571
[08:54:19] [Server thread/WARN]: Boat (vehicle of Mastahtao) moved too quickly! 8.302197710869223,0.0,-8.346011472059615
[08:54:19] [Server thread/WARN]: Boat (vehicle of Mastahtao) moved too quickly! 8.61699911201049,0.0,-8.590267429623651
[08:54:19] [Server thread/WARN]: Boat (vehicle of Mastahtao) moved too quickly! 8.932673379285916,0.0,-8.833619741664108
[08:54:19] [Server thread/WARN]: Boat (vehicle of Mastahtao) moved too quickly! 9.249149006391235,0.0,-9.076137056175128
[08:55:19] [Server thread/WARN]: Trying to add entity with duplicated UUID 7fb39766-e7bc-4eaf-99f2-4239ace1d7b0. Existing minecraft:pig#59320, new: minecraft:pig#59367
[08:58:38] [Server thread/WARN]: Boat (vehicle of Mastahtao) moved too quickly! 7.496322982547667,0.0,7.207962649246383
[08:58:38] [Server thread/WARN]: Boat (vehicle of Mastahtao) moved too quickly! 7.784643097506944,0.0,7.4851919816874215
[08:58:38] [Server thread/WARN]: Boat (vehicle of Mastahtao) moved too quickly! 8.07296321247162,0.0,7.762421314123685
[08:58:38] [Server thread/WARN]: Boat (vehicle of Mastahtao) moved too quickly! 8.361283327441129,0.0,8.039650646555401
[08:58:38] [Server thread/WARN]: Boat (vehicle of Mastahtao) moved too quickly! 8.649603442414957,0.0,8.316879978983252
[08:58:50] [Server thread/WARN]: Boat (vehicle of Mastahtao) moved too quickly! -8.84368025914381,0.0,5.290599572639849
[08:58:50] [Server thread/WARN]: Boat (vehicle of Mastahtao) moved too quickly! -9.175372332711959,0.0,5.5126339481003015
[08:58:50] [Server thread/WARN]: Boat (vehicle of Mastahtao) moved too quickly! -9.506476676823013,0.0,5.735669334010481
[08:58:50] [Server thread/WARN]: Boat (vehicle of Mastahtao) moved too quickly! -9.837023118931086,0.0,5.959646220064769
[08:58:50] [Server thread/WARN]: Boat (vehicle of Mastahtao) moved too quickly! -10.167045149662101,0.0,6.184501655532358
[09:09:53] [Server thread/WARN]: Trying to add entity with duplicated UUID 1bb55757-9dd6-41e0-b2bc-b919d827b42b. Existing minecraft:pig#71684, new: minecraft:pig#71686
[09:20:16] [Server thread/INFO]: <Atrus654> thats it for me tonight
[09:20:20] [Server thread/INFO]: <Mastahtao> later
[09:20:24] [Server thread/INFO]: <Atrus654> you guys have a good night
[09:20:32] [Server thread/INFO]: Atrus654 lost connection: Disconnected
[09:20:32] [Server thread/INFO]: Atrus654 left the game
[09:23:15] [Server thread/INFO]: <Mastahtao> found another village set my spawn point here too
[09:25:14] [Server thread/INFO]: Villager bfj['Butcher'/74743, l='ServerLevel[world]', x=-1142.30, y=70.00, z=195.70] died, message: 'Butcher was slain by Zombie'
[09:27:02] [Server thread/INFO]: <Mastahtao> you're dead seth!
[09:38:19] [Server thread/INFO]: <sithseth> Ive been afk for hours
[09:41:52] [Server thread/INFO]: sithseth has made the advancement [Not Today, Thank You]
[09:42:57] [Server thread/INFO]: sithseth was killed by Witch using magic
[09:47:04] [Server thread/INFO]: sithseth lost connection: Disconnected
[09:47:04] [Server thread/INFO]: sithseth left the game
[09:54:58] [Server thread/INFO]: Mastahtao lost connection: Disconnected
[09:54:58] [Server thread/INFO]: Mastahtao left the game
